<?xml version="1.0" encoding="UTF-8"?>
<!-- Generated by org.testng.reporters.JUnitReportReporter -->
<testsuite skipped="0" hostname="DESKTOP-002" name="com.sis.qa.testcases.HomePageTest" tests="2" failures="0" timestamp="21 Feb 2019 12:52:49 GMT" time="93.494" errors="0">
  <testcase name="verifyHomePageTitleTest" time="47.530" classname="com.sis.qa.testcases.HomePageTest"/>
  <testcase name="ValidateUserRoleTest" time="45.964" classname="com.sis.qa.testcases.HomePageTest"/>
</testsuite> <!-- com.sis.qa.testcases.HomePageTest -->
