<?xml version="1.0" encoding="UTF-8"?>
<!-- Generated by org.testng.reporters.JUnitReportReporter -->
<testsuite skipped="1" hostname="DESKTOP-002" name="com.sis.qa.testcases.LoginPageTest" tests="3" failures="0" timestamp="20 Feb 2019 10:43:40 GMT" time="95.678" errors="0">
  <testcase name="loginPageTitleTest" time="40.689" classname="com.sis.qa.testcases.LoginPageTest"/>
  <testcase name="SmaxLogoImageTest" time="54.989" classname="com.sis.qa.testcases.LoginPageTest"/>
  <testcase name="loginTest" time="0.000" classname="com.sis.qa.testcases.LoginPageTest">
    <skipped/>
  </testcase> <!-- loginTest -->
</testsuite> <!-- com.sis.qa.testcases.LoginPageTest -->
